[12июл.2026 03:41:25.422] [main/INFO] [net.neoforged.fml.startup.Entrypoint/]: JVM Uptime at startup: 265ms
[12июл.2026 03:41:25.438] [main/INFO] [net.neoforged.fml.loading.FMLLoader/]: Starting FancyModLoader version 10.0.36 (CLIENT in DEV)
[12июл.2026 03:41:25.439] [main/INFO] [net.neoforged.fml.loading.FMLLoader/]: Game directory: J:\Projects\SpeedForce\run
[12июл.2026 03:41:25.441] [main/DEBUG] [net.neoforged.fml.loading.FMLPaths/CORE]: Path GAMEDIR is J:\Projects\SpeedForce\run
[12июл.2026 03:41:25.442] [main/DEBUG] [net.neoforged.fml.loading.FMLPaths/CORE]: Path JIJ_CACHEDIR is J:\Projects\SpeedForce\run\.cache\jij
[12июл.2026 03:41:25.442] [main/DEBUG] [net.neoforged.fml.loading.FMLPaths/CORE]: Path MODSDIR is J:\Projects\SpeedForce\run\mods
[12июл.2026 03:41:25.443] [main/DEBUG] [net.neoforged.fml.loading.FMLPaths/CORE]: Path CONFIGDIR is J:\Projects\SpeedForce\run\config
[12июл.2026 03:41:25.443] [main/DEBUG] [net.neoforged.fml.loading.FMLPaths/CORE]: Path FMLCONFIG is J:\Projects\SpeedForce\run\config\fml.toml
[12июл.2026 03:41:25.522] [ForkJoinPool.commonPool-worker-3/DEBUG] [net.neoforged.fml.loading.EarlyServiceDiscovery/]: C:\Users\Ваня\.gradle\caches\modules-2\files-2.1\net.neoforged.fancymodloader\loader\10.0.36\f72ab4d3e755fe736829883d90430a281527aca\loader-10.0.36.jar contains early service net.neoforged.neoforgespi.locating.IModFileReader
[12июл.2026 03:41:25.523] [main/DEBUG] [net.neoforged.fml.loading.EarlyServiceDiscovery/]: C:\Users\Ваня\.gradle\caches\modules-2\files-2.1\net.neoforged.fancymodloader\earlydisplay\10.0.36\dbd0e11d545443f602addede111c39d9639708f9\earlydisplay-10.0.36.jar contains early service net.neoforged.neoforgespi.earlywindow.ImmediateWindowProvider
[12июл.2026 03:41:25.544] [ForkJoinPool.commonPool-worker-3/DEBUG] [net.neoforged.fml.loading.moddiscovery.ModFile/LOADING]: Loading mod file C:\Users\Ваня\.gradle\caches\modules-2\files-2.1\net.neoforged.fancymodloader\loader\10.0.36\f72ab4d3e755fe736829883d90430a281527aca\loader-10.0.36.jar with languages []
[12июл.2026 03:41:25.544] [main/DEBUG] [net.neoforged.fml.loading.moddiscovery.ModFile/LOADING]: Loading mod file C:\Users\Ваня\.gradle\caches\modules-2\files-2.1\net.neoforged.fancymodloader\earlydisplay\10.0.36\dbd0e11d545443f602addede111c39d9639708f9\earlydisplay-10.0.36.jar with languages []
[12июл.2026 03:41:25.547] [main/INFO] [net.neoforged.fml.loading.EarlyServiceDiscovery/]: Found 2 early service jars (out of 104) in 41ms
[12июл.2026 03:41:25.548] [main/INFO] [net.neoforged.fml.loading.FMLLoader/]: Loading FML Early Services:
[12июл.2026 03:41:25.549] [main/INFO] [net.neoforged.fml.loading.FMLLoader/]:  - C:/Users/Ваня/.gradle/caches/modules-2/files-2.1/net.neoforged.fancymodloader/loader/10.0.36/f72ab4d3e755fe736829883d90430a281527aca/loader-10.0.36.jar
[12июл.2026 03:41:25.550] [main/INFO] [net.neoforged.fml.loading.FMLLoader/]:  - C:/Users/Ваня/.gradle/caches/modules-2/files-2.1/net.neoforged.fancymodloader/earlydisplay/10.0.36/dbd0e11d545443f602addede111c39d9639708f9/earlydisplay-10.0.36.jar
[12июл.2026 03:41:25.557] [main/DEBUG] [net.neoforged.fml.util.ServiceLoaderUtil/CORE]: Found 0 implementations of GraphicsBootstrapper:
[12июл.2026 03:41:25.558] [main/INFO] [net.neoforged.fml.loading.ImmediateWindowHandler/]: Loading ImmediateWindowProvider fmlearlywindow
[12июл.2026 03:41:25.565] [main/DEBUG] [net.neoforged.fml.util.ServiceLoaderUtil/CORE]: Found 1 implementations of ImmediateWindowProvider:
[12июл.2026 03:41:25.567] [main/DEBUG] [net.neoforged.fml.util.ServiceLoaderUtil/CORE]: 	net.neoforged.fml.earlydisplay.DisplayWindow from C:/Users/Ваня/.gradle/caches/modules-2/files-2.1/net.neoforged.fancymodloader/earlydisplay/10.0.36/dbd0e11d545443f602addede111c39d9639708f9/earlydisplay-10.0.36.jar
[12июл.2026 03:41:25.643] [main/DEBUG] [net.neoforged.fml.earlydisplay.theme.ThemeLoader/]: Loading built-in theme default
[12июл.2026 03:41:26.110] [ForkJoinPool.commonPool-worker-5/DEBUG] [net.neoforged.fml.util.ServiceLoaderUtil/CORE]: Found 4 implementations of IModFileCandidateLocator:
[12июл.2026 03:41:26.111] [ForkJoinPool.commonPool-worker-5/DEBUG] [net.neoforged.fml.util.ServiceLoaderUtil/CORE]: 	    1000 - [built-in] net.neoforged.fml.loading.moddiscovery.locators.GameLocator from C:/Users/Ваня/.gradle/caches/modules-2/files-2.1/net.neoforged.fancymodloader/loader/10.0.36/f72ab4d3e755fe736829883d90430a281527aca/loader-10.0.36.jar
[12июл.2026 03:41:26.111] [ForkJoinPool.commonPool-worker-5/DEBUG] [net.neoforged.fml.util.ServiceLoaderUtil/CORE]: 	    1000 - [built-in] net.neoforged.fml.loading.moddiscovery.locators.InDevFolderLocator from C:/Users/Ваня/.gradle/caches/modules-2/files-2.1/net.neoforged.fancymodloader/loader/10.0.36/f72ab4d3e755fe736829883d90430a281527aca/loader-10.0.36.jar
[12июл.2026 03:41:26.112] [ForkJoinPool.commonPool-worker-5/DEBUG] [net.neoforged.fml.util.ServiceLoaderUtil/CORE]: 	    1000 - [built-in] net.neoforged.fml.loading.moddiscovery.locators.InDevJarLocator from C:/Users/Ваня/.gradle/caches/modules-2/files-2.1/net.neoforged.fancymodloader/loader/10.0.36/f72ab4d3e755fe736829883d90430a281527aca/loader-10.0.36.jar
[12июл.2026 03:41:26.113] [ForkJoinPool.commonPool-worker-5/DEBUG] [net.neoforged.fml.util.ServiceLoaderUtil/CORE]: 	       0 - [built-in] net.neoforged.fml.loading.moddiscovery.locators.ModsFolderLocator from C:/Users/Ваня/.gradle/caches/modules-2/files-2.1/net.neoforged.fancymodloader/loader/10.0.36/f72ab4d3e755fe736829883d90430a281527aca/loader-10.0.36.jar
[12июл.2026 03:41:26.116] [ForkJoinPool.commonPool-worker-5/DEBUG] [net.neoforged.fml.util.ServiceLoaderUtil/CORE]: Found 2 implementations of IModFileReader:
[12июл.2026 03:41:26.117] [ForkJoinPool.commonPool-worker-5/DEBUG] [net.neoforged.fml.util.ServiceLoaderUtil/CORE]: 	       0 - net.neoforged.fml.loading.moddiscovery.readers.JarModsDotTomlModFileReader from C:/Users/Ваня/.gradle/caches/modules-2/files-2.1/net.neoforged.fancymodloader/loader/10.0.36/f72ab4d3e755fe736829883d90430a281527aca/loader-10.0.36.jar
[12июл.2026 03:41:26.117] [ForkJoinPool.commonPool-worker-5/DEBUG] [net.neoforged.fml.util.ServiceLoaderUtil/CORE]: 	   -1000 - net.neoforged.fml.loading.moddiscovery.readers.NestedLibraryModReader from C:/Users/Ваня/.gradle/caches/modules-2/files-2.1/net.neoforged.fancymodloader/loader/10.0.36/f72ab4d3e755fe736829883d90430a281527aca/loader-10.0.36.jar
[12июл.2026 03:41:26.122] [ForkJoinPool.commonPool-worker-5/DEBUG] [net.neoforged.fml.util.ServiceLoaderUtil/CORE]: Found 1 implementations of IDependencyLocator:
[12июл.2026 03:41:26.123] [ForkJoinPool.commonPool-worker-5/DEBUG] [net.neoforged.fml.util.ServiceLoaderUtil/CORE]: 	       0 - net.neoforged.fml.loading.moddiscovery.locators.JarInJarDependencyLocator from C:/Users/Ваня/.gradle/caches/modules-2/files-2.1/net.neoforged.fancymodloader/loader/10.0.36/f72ab4d3e755fe736829883d90430a281527aca/loader-10.0.36.jar
[12июл.2026 03:41:26.239] [ForkJoinPool.commonPool-worker-5/DEBUG] [net.neoforged.fml.loading.moddiscovery.locators.RequiredSystemFiles/]: Found NeoForge MANIFEST.MF in jar(J:/Projects/SpeedForce/build/moddev/artifacts/neoforge-21.11.42.jar)
[12июл.2026 03:41:26.243] [ForkJoinPool.commonPool-worker-5/INFO] [net.neoforged.fml.loading.moddiscovery.locators.GameLocator/]: Detected a joined NeoForge and Minecraft configuration. Applying filtering...
[12июл.2026 03:41:26.439] [ForkJoinPool.commonPool-worker-5/DEBUG] [net.neoforged.fml.loading.moddiscovery.ModFileInfo/LOADING]: Found valid mod file neoforge-21.11.42-client-extra-aka-minecraft-resources.jar with {minecraft} mods - versions {1.21.11}
[12июл.2026 03:41:26.444] [ForkJoinPool.commonPool-worker-5/DEBUG] [net.neoforged.fml.loading.moddiscovery.ModFile/LOADING]: Loading mod file J:\Projects\SpeedForce\build\moddev\artifacts\neoforge-21.11.42-client-extra-aka-minecraft-resources.jar with languages [LanguageSpec[languageName=minecraft, acceptedVersions=1]]
[12июл.2026 03:41:26.447] [ForkJoinPool.commonPool-worker-5/DEBUG] [net.neoforged.fml.loading.moddiscovery.ModFileParser/LOADING]: Considering mod file candidate J:\Projects\SpeedForce\build\moddev\artifacts\neoforge-21.11.42.jar
[12июл.2026 03:41:26.454] [ForkJoinPool.commonPool-worker-5/DEBUG] [net.neoforged.fml.loading.moddiscovery.ModFileInfo/LOADING]: Found valid mod file neoforge-21.11.42.jar with {neoforge} mods - versions {21.11.42}
[12июл.2026 03:41:26.455] [ForkJoinPool.commonPool-worker-5/DEBUG] [net.neoforged.fml.loading.moddiscovery.ModFile/LOADING]: Loading mod file J:\Projects\SpeedForce\build\moddev\artifacts\neoforge-21.11.42.jar with languages [LanguageSpec[languageName=javafml, acceptedVersions=[3,]]]
[12июл.2026 03:41:26.495] [ForkJoinPool.commonPool-worker-5/DEBUG] [net.neoforged.fml.loading.moddiscovery.ModFile/LOADING]: Found mixin config MixinConfig[config=neoforge.mixins.json, requiredMods=[], behaviorVersion=null]
[12июл.2026 03:41:26.498] [ForkJoinPool.commonPool-worker-5/INFO] [net.neoforged.fml.loading.moddiscovery.locators.InDevFolderLocator/CORE]: Got mod coordinates speedforce%%J:\Projects\SpeedForce\build\classes\java\main;speedforce%%J:\Projects\SpeedForce\build\resources\main from env
[12июл.2026 03:41:26.511] [ForkJoinPool.commonPool-worker-5/DEBUG] [net.neoforged.fml.loading.moddiscovery.ModFileParser/LOADING]: Considering mod file candidate J:\Projects\SpeedForce\build\classes\java\main
[12июл.2026 03:41:26.523] [ForkJoinPool.commonPool-worker-5/DEBUG] [net.neoforged.fml.loading.moddiscovery.ModFileInfo/LOADING]: Found valid mod file main with {speedforce} mods - versions {1.0.0}
[12июл.2026 03:41:26.524] [ForkJoinPool.commonPool-worker-5/DEBUG] [net.neoforged.fml.loading.moddiscovery.ModFile/LOADING]: Loading mod file J:\Projects\SpeedForce\build\classes\java\main with languages [LanguageSpec[languageName=null, acceptedVersions=null]]
[12июл.2026 03:41:26.524] [ForkJoinPool.commonPool-worker-5/DEBUG] [net.neoforged.fml.loading.moddiscovery.ModFile/LOADING]: Found mixin config MixinConfig[config=speedforce.mixins.json, requiredMods=[], behaviorVersion=null]
[12июл.2026 03:41:26.527] [ForkJoinPool.commonPool-worker-5/DEBUG] [net.neoforged.fml.loading.moddiscovery.ModDiscoverer/]: Skipping J:\Projects\SpeedForce\build\moddev\artifacts\neoforge-21.11.42.jar because it was already located earlier
[12июл.2026 03:41:26.614] [fml-loadingscreen/INFO] [net.neoforged.fml.earlydisplay.render.LoadingScreenRenderer/]: GL info: AMD Radeon RX 580 2048SP GL version 3.3.0 Core Profile Context 26.1.1.251211, ATI Technologies Inc.
[12июл.2026 03:41:26.807] [ForkJoinPool.commonPool-worker-5/DEBUG] [net.neoforged.fml.loading.moddiscovery.ModFile/LOADING]: Loading mod file J:\Projects\SpeedForce\run\.cache\jij\9822e773bd9f42d36ed53ea3d67486207291747a7bfacc29beeb92040721bc9b\mixinextras-neoforge-0.5.3.jar with languages []
[12июл.2026 03:41:26.810] [ForkJoinPool.commonPool-worker-5/DEBUG] [net.neoforged.fml.loading.moddiscovery.ModFile/LOADING]: Loading mod file J:\Projects\SpeedForce\run\.cache\jij\54bb3c61f37ced77ba30dc02ca5b2f71ced259612101a8b1325855cff9d9755c\net.neoforged.neoforge-coremods-21.11.42.jar with languages []
[12июл.2026 03:41:26.888] [ForkJoinPool.commonPool-worker-5/INFO] [net.neoforged.fml.loading.moddiscovery.locators.JarInJarDependencyLocator/]: Found 2 dependencies adding them to mods collection
[12июл.2026 03:41:26.898] [ForkJoinPool.commonPool-worker-5/INFO] [net.neoforged.fml.loading.moddiscovery.ModDiscoverer/]: 
     Mod List:
		Name Version (Mod Id)

		Minecraft 1.21.11 (minecraft)
		NeoForge 21.11.42 (neoforge)
		Speed Force 1.0.0 (speedforce)
[12июл.2026 03:41:26.910] [ForkJoinPool.commonPool-worker-5/DEBUG] [net.neoforged.fml.loading.ModSorter/]: Configured system mods: [minecraft, neoforge]
[12июл.2026 03:41:26.910] [ForkJoinPool.commonPool-worker-5/DEBUG] [net.neoforged.fml.loading.ModSorter/]: Found system mod: minecraft
[12июл.2026 03:41:26.911] [ForkJoinPool.commonPool-worker-5/DEBUG] [net.neoforged.fml.loading.ModSorter/]: Found system mod: neoforge
[12июл.2026 03:41:26.920] [ForkJoinPool.commonPool-worker-5/DEBUG] [net.neoforged.fml.loading.ModSorter/LOADING]: Found 2 mod requirements (2 mandatory, 0 optional)
[12июл.2026 03:41:26.921] [ForkJoinPool.commonPool-worker-5/DEBUG] [net.neoforged.fml.loading.ModSorter/LOADING]: Found 0 mod requirements missing (0 mandatory, 0 optional)
[12июл.2026 03:41:27.451] [main/INFO] [mixin/]: SpongePowered MIXIN Subsystem Version=0.8.7 Source=file:/C:/Users/%d0%92%d0%b0%d0%bd%d1%8f/.gradle/caches/modules-2/files-2.1/net.fabricmc/sponge-mixin/0.16.5+mixin.0.8.7/80fc3a9f592673cea87f4cd702f87991c6c9fe4d/sponge-mixin-0.16.5+mixin.0.8.7.jar Service=FML Env=CLIENT
[12июл.2026 03:41:27.491] [main/DEBUG] [mixin/]: Initialising Mixin Platform Manager
[12июл.2026 03:41:27.491] [main/DEBUG] [mixin/]: Adding mixin platform agents for container ContainerHandleVirtual(fml:18c85)
[12июл.2026 03:41:27.493] [main/DEBUG] [mixin/]: Instancing new MixinPlatformAgentDefault for ContainerHandleVirtual(fml:18c85)
[12июл.2026 03:41:27.494] [main/DEBUG] [mixin/]: MixinPlatformAgentDefault accepted container ContainerHandleVirtual(fml:18c85)
[12июл.2026 03:41:27.494] [main/DEBUG] [mixin/]: Instancing new MixinPlatformAgentDefault for ContainerHandleVirtual(fml:18c85)
[12июл.2026 03:41:27.495] [main/DEBUG] [mixin/]: MixinPlatformAgentDefault accepted container ContainerHandleVirtual(fml:18c85)
[12июл.2026 03:41:27.495] [main/DEBUG] [mixin/]: Processing prepare() for PlatformAgent[MixinPlatformAgentDefault:ContainerHandleVirtual(fml:18c85)]
[12июл.2026 03:41:27.496] [main/DEBUG] [mixin/]: Processing prepare() for PlatformAgent[MixinPlatformAgentDefault:ContainerHandleVirtual(fml:18c85)]
[12июл.2026 03:41:27.497] [main/INFO] [net.neoforged.fml.loading.FMLLoader/]: Loading FML Plugins:
[12июл.2026 03:41:27.498] [main/INFO] [net.neoforged.fml.loading.FMLLoader/]:  - J:/Projects/SpeedForce/build/moddev/artifacts/neoforge-21.11.42.jar > net.neoforged.neoforge-coremods-21.11.42.jar
[12июл.2026 03:41:27.509] [main/DEBUG] [net.neoforged.fml.util.ServiceLoaderUtil/CORE]: Found 2 implementations of IModLanguageLoader:
[12июл.2026 03:41:27.510] [main/DEBUG] [net.neoforged.fml.util.ServiceLoaderUtil/CORE]: 	net.neoforged.fml.javafmlmod.FMLJavaModLanguageProvider from C:/Users/Ваня/.gradle/caches/modules-2/files-2.1/net.neoforged.fancymodloader/loader/10.0.36/f72ab4d3e755fe736829883d90430a281527aca/loader-10.0.36.jar
[12июл.2026 03:41:27.510] [main/DEBUG] [net.neoforged.fml.util.ServiceLoaderUtil/CORE]: 	net.neoforged.fml.mclanguageprovider.MinecraftModLanguageProvider from C:/Users/Ваня/.gradle/caches/modules-2/files-2.1/net.neoforged.fancymodloader/loader/10.0.36/f72ab4d3e755fe736829883d90430a281527aca/loader-10.0.36.jar
[12июл.2026 03:41:27.514] [main/DEBUG] [net.neoforged.fml.loading.LanguageProviderLoader/CORE]: Found language provider javafml, version 10.0
[12июл.2026 03:41:27.517] [main/DEBUG] [net.neoforged.fml.loading.LanguageProviderLoader/CORE]: Found language provider minecraft, version 10.0
[12июл.2026 03:41:27.524] [main/DEBUG] [net.neoforged.fml.loading.FMLLoader/]: Adding Access Transformer META-INF/accesstransformer.cfg in composite(filtered(jar(J:/Projects/SpeedForce/build/moddev/artifacts/neoforge-21.11.42.jar)))
[12июл.2026 03:41:27.579] [main/DEBUG] [net.neoforged.fml.loading.FMLLoader/]: Adding Access Transformer META-INF/accesstransformergenerated.cfg in composite(filtered(jar(J:/Projects/SpeedForce/build/moddev/artifacts/neoforge-21.11.42.jar)))
[12июл.2026 03:41:27.614] [main/DEBUG] [net.neoforged.fml.util.ServiceLoaderUtil/CORE]: Found 5 implementations of ClassProcessor:
[12июл.2026 03:41:27.615] [main/DEBUG] [net.neoforged.fml.util.ServiceLoaderUtil/CORE]: 	[built-in] net.neoforged.fml.common.asm.AccessTransformerService from C:/Users/Ваня/.gradle/caches/modules-2/files-2.1/net.neoforged.fancymodloader/loader/10.0.36/f72ab4d3e755fe736829883d90430a281527aca/loader-10.0.36.jar
[12июл.2026 03:41:27.615] [main/DEBUG] [net.neoforged.fml.util.ServiceLoaderUtil/CORE]: 	[built-in] net.neoforged.fml.common.asm.enumextension.RuntimeEnumExtender from C:/Users/Ваня/.gradle/caches/modules-2/files-2.1/net.neoforged.fancymodloader/loader/10.0.36/f72ab4d3e755fe736829883d90430a281527aca/loader-10.0.36.jar
[12июл.2026 03:41:27.615] [main/DEBUG] [net.neoforged.fml.util.ServiceLoaderUtil/CORE]: 	[built-in] net.neoforged.fml.common.asm.SimpleProcessorsGroup from C:/Users/Ваня/.gradle/caches/modules-2/files-2.1/net.neoforged.fancymodloader/loader/10.0.36/f72ab4d3e755fe736829883d90430a281527aca/loader-10.0.36.jar
[12июл.2026 03:41:27.615] [main/DEBUG] [net.neoforged.fml.util.ServiceLoaderUtil/CORE]: 	[built-in] net.neoforged.fml.loading.moddiscovery.locators.NeoForgeDevDistCleaner from C:/Users/Ваня/.gradle/caches/modules-2/files-2.1/net.neoforged.fancymodloader/loader/10.0.36/f72ab4d3e755fe736829883d90430a281527aca/loader-10.0.36.jar
[12июл.2026 03:41:27.616] [main/DEBUG] [net.neoforged.fml.util.ServiceLoaderUtil/CORE]: 	[built-in] net.neoforged.fml.loading.mixin.FMLMixinClassProcessor from C:/Users/Ваня/.gradle/caches/modules-2/files-2.1/net.neoforged.fancymodloader/loader/10.0.36/f72ab4d3e755fe736829883d90430a281527aca/loader-10.0.36.jar
[12июл.2026 03:41:27.619] [main/DEBUG] [net.neoforged.fml.util.ServiceLoaderUtil/CORE]: Found 1 implementations of ClassProcessorProvider:
[12июл.2026 03:41:27.619] [main/DEBUG] [net.neoforged.fml.util.ServiceLoaderUtil/CORE]: 	net.neoforged.neoforge.coremods.NeoForgeCoreMod from J:/Projects/SpeedForce/build/moddev/artifacts/neoforge-21.11.42.jar > net.neoforged.neoforge-coremods-21.11.42.jar
[12июл.2026 03:41:27.668] [main/DEBUG] [net.neoforged.fml.loading.FMLLoader/]: Masking classpath elements: [J:/Projects/SpeedForce/build/moddev/artifacts/neoforge-21.11.42.jar, J:/Projects/SpeedForce/build/resources/main, J:/Projects/SpeedForce/build/moddev/artifacts/neoforge-21.11.42-client-extra-aka-minecraft-resources.jar, J:/Projects/SpeedForce/build/classes/java/main]
[12июл.2026 03:41:27.689] [main/INFO] [net.neoforged.fml.loading.FMLLoader/]: Building game content classloader:
 - minecraft (composite(jar(J:/Projects/SpeedForce/build/moddev/artifacts/neoforge-21.11.42-client-extra-aka-minecraft-resources.jar), filtered(jar(J:/Projects/SpeedForce/build/moddev/artifacts/neoforge-21.11.42.jar))))
 - mixinextras.neoforge (jar(J:/Projects/SpeedForce/build/moddev/artifacts/neoforge-21.11.42.jar > mixinextras-neoforge-0.5.3.jar))
 - neoforge (composite(filtered(jar(J:/Projects/SpeedForce/build/moddev/artifacts/neoforge-21.11.42.jar))))
 - net.neoforged.fml.generated (empty(VirtualJar/net.neoforged.fml.generated))
 - speedforce (composite(folder(J:/Projects/SpeedForce/build/classes/java/main), folder(J:/Projects/SpeedForce/build/resources/main)))
[12июл.2026 03:41:27.734] [main/INFO] [net.neoforged.fml.loading.FMLLoader/]: Built game content classloader in 66ms
[12июл.2026 03:41:27.825] [main/DEBUG] [mixin/]: Mixin config speedforce.mixins.json does not specify "minVersion" or "requiredFeatures" property
[12июл.2026 03:41:27.831] [main/DEBUG] [mixin/]: Processing launch tasks for PlatformAgent[MixinPlatformAgentDefault:ContainerHandleVirtual(fml:18c85)]
[12июл.2026 03:41:27.832] [main/DEBUG] [mixin/]: Processing launch tasks for PlatformAgent[MixinPlatformAgentDefault:ContainerHandleVirtual(fml:18c85)]
[12июл.2026 03:41:27.833] [main/DEBUG] [mixin/]: Adding agents for Mixin Container composite(filtered(jar(J:/Projects/SpeedForce/build/moddev/artifacts/neoforge-21.11.42.jar))) > jar(J:/Projects/SpeedForce/build/moddev/artifacts/neoforge-21.11.42.jar > net.neoforged.neoforge-coremods-21.11.42.jar)
[12июл.2026 03:41:27.833] [main/DEBUG] [mixin/]: Adding mixin platform agents for container composite(filtered(jar(J:/Projects/SpeedForce/build/moddev/artifacts/neoforge-21.11.42.jar))) > jar(J:/Projects/SpeedForce/build/moddev/artifacts/neoforge-21.11.42.jar > net.neoforged.neoforge-coremods-21.11.42.jar)
[12июл.2026 03:41:27.834] [main/DEBUG] [mixin/]: Instancing new MixinPlatformAgentDefault for composite(filtered(jar(J:/Projects/SpeedForce/build/moddev/artifacts/neoforge-21.11.42.jar))) > jar(J:/Projects/SpeedForce/build/moddev/artifacts/neoforge-21.11.42.jar > net.neoforged.neoforge-coremods-21.11.42.jar)
[12июл.2026 03:41:27.834] [main/DEBUG] [mixin/]: MixinPlatformAgentDefault accepted container composite(filtered(jar(J:/Projects/SpeedForce/build/moddev/artifacts/neoforge-21.11.42.jar))) > jar(J:/Projects/SpeedForce/build/moddev/artifacts/neoforge-21.11.42.jar > net.neoforged.neoforge-coremods-21.11.42.jar)
[12июл.2026 03:41:27.835] [main/DEBUG] [mixin/]: Instancing new MixinPlatformAgentDefault for composite(filtered(jar(J:/Projects/SpeedForce/build/moddev/artifacts/neoforge-21.11.42.jar))) > jar(J:/Projects/SpeedForce/build/moddev/artifacts/neoforge-21.11.42.jar > net.neoforged.neoforge-coremods-21.11.42.jar)
[12июл.2026 03:41:27.835] [main/DEBUG] [mixin/]: MixinPlatformAgentDefault accepted container composite(filtered(jar(J:/Projects/SpeedForce/build/moddev/artifacts/neoforge-21.11.42.jar))) > jar(J:/Projects/SpeedForce/build/moddev/artifacts/neoforge-21.11.42.jar > net.neoforged.neoforge-coremods-21.11.42.jar)
[12июл.2026 03:41:27.835] [main/DEBUG] [mixin/]: Processing prepare() for PlatformAgent[MixinPlatformAgentDefault:composite(filtered(jar(J:/Projects/SpeedForce/build/moddev/artifacts/neoforge-21.11.42.jar))) > jar(J:/Projects/SpeedForce/build/moddev/artifacts/neoforge-21.11.42.jar > net.neoforged.neoforge-coremods-21.11.42.jar)]
[12июл.2026 03:41:27.836] [main/DEBUG] [mixin/]: Processing prepare() for PlatformAgent[MixinPlatformAgentDefault:composite(filtered(jar(J:/Projects/SpeedForce/build/moddev/artifacts/neoforge-21.11.42.jar))) > jar(J:/Projects/SpeedForce/build/moddev/artifacts/neoforge-21.11.42.jar > net.neoforged.neoforge-coremods-21.11.42.jar)]
[12июл.2026 03:41:27.836] [main/DEBUG] [mixin/]: Adding agents for Mixin Container composite(filtered(jar(J:/Projects/SpeedForce/build/moddev/artifacts/neoforge-21.11.42.jar))) > jar(J:/Projects/SpeedForce/build/moddev/artifacts/neoforge-21.11.42.jar > mixinextras-neoforge-0.5.3.jar)
[12июл.2026 03:41:27.836] [main/DEBUG] [mixin/]: Adding mixin platform agents for container composite(filtered(jar(J:/Projects/SpeedForce/build/moddev/artifacts/neoforge-21.11.42.jar))) > jar(J:/Projects/SpeedForce/build/moddev/artifacts/neoforge-21.11.42.jar > mixinextras-neoforge-0.5.3.jar)
[12июл.2026 03:41:27.836] [main/DEBUG] [mixin/]: Instancing new MixinPlatformAgentDefault for composite(filtered(jar(J:/Projects/SpeedForce/build/moddev/artifacts/neoforge-21.11.42.jar))) > jar(J:/Projects/SpeedForce/build/moddev/artifacts/neoforge-21.11.42.jar > mixinextras-neoforge-0.5.3.jar)
[12июл.2026 03:41:27.837] [main/DEBUG] [mixin/]: MixinPlatformAgentDefault accepted container composite(filtered(jar(J:/Projects/SpeedForce/build/moddev/artifacts/neoforge-21.11.42.jar))) > jar(J:/Projects/SpeedForce/build/moddev/artifacts/neoforge-21.11.42.jar > mixinextras-neoforge-0.5.3.jar)
[12июл.2026 03:41:27.837] [main/DEBUG] [mixin/]: Instancing new MixinPlatformAgentDefault for composite(filtered(jar(J:/Projects/SpeedForce/build/moddev/artifacts/neoforge-21.11.42.jar))) > jar(J:/Projects/SpeedForce/build/moddev/artifacts/neoforge-21.11.42.jar > mixinextras-neoforge-0.5.3.jar)
[12июл.2026 03:41:27.837] [main/DEBUG] [mixin/]: MixinPlatformAgentDefault accepted container composite(filtered(jar(J:/Projects/SpeedForce/build/moddev/artifacts/neoforge-21.11.42.jar))) > jar(J:/Projects/SpeedForce/build/moddev/artifacts/neoforge-21.11.42.jar > mixinextras-neoforge-0.5.3.jar)
[12июл.2026 03:41:27.838] [main/DEBUG] [mixin/]: Processing prepare() for PlatformAgent[MixinPlatformAgentDefault:composite(filtered(jar(J:/Projects/SpeedForce/build/moddev/artifacts/neoforge-21.11.42.jar))) > jar(J:/Projects/SpeedForce/build/moddev/artifacts/neoforge-21.11.42.jar > mixinextras-neoforge-0.5.3.jar)]
[12июл.2026 03:41:27.838] [main/DEBUG] [mixin/]: Registering mixin config: mixinextras.init.mixins.json source=composite(filtered(jar(J:/Projects/SpeedForce/build/moddev/artifacts/neoforge-21.11.42.jar))) > jar(J:/Projects/SpeedForce/build/moddev/artifacts/neoforge-21.11.42.jar > mixinextras-neoforge-0.5.3.jar)
[12июл.2026 03:41:27.841] [main/DEBUG] [mixin/]: Processing prepare() for PlatformAgent[MixinPlatformAgentDefault:composite(filtered(jar(J:/Projects/SpeedForce/build/moddev/artifacts/neoforge-21.11.42.jar))) > jar(J:/Projects/SpeedForce/build/moddev/artifacts/neoforge-21.11.42.jar > mixinextras-neoforge-0.5.3.jar)]
[12июл.2026 03:41:27.841] [main/DEBUG] [mixin/]: Registering mixin config: mixinextras.init.mixins.json source=composite(filtered(jar(J:/Projects/SpeedForce/build/moddev/artifacts/neoforge-21.11.42.jar))) > jar(J:/Projects/SpeedForce/build/moddev/artifacts/neoforge-21.11.42.jar > mixinextras-neoforge-0.5.3.jar)
[12июл.2026 03:41:27.843] [main/DEBUG] [mixin/]: inject() running with 3 agents
[12июл.2026 03:41:27.844] [main/DEBUG] [mixin/]: Processing inject() for PlatformAgent[MixinPlatformAgentDefault:ContainerHandleVirtual(fml:18c85)]
[12июл.2026 03:41:27.844] [main/DEBUG] [mixin/]: Processing inject() for PlatformAgent[MixinPlatformAgentDefault:ContainerHandleVirtual(fml:18c85)]
[12июл.2026 03:41:27.845] [main/DEBUG] [mixin/]: Processing inject() for PlatformAgent[MixinPlatformAgentDefault:composite(filtered(jar(J:/Projects/SpeedForce/build/moddev/artifacts/neoforge-21.11.42.jar))) > jar(J:/Projects/SpeedForce/build/moddev/artifacts/neoforge-21.11.42.jar > net.neoforged.neoforge-coremods-21.11.42.jar)]
[12июл.2026 03:41:27.845] [main/DEBUG] [mixin/]: Processing inject() for PlatformAgent[MixinPlatformAgentDefault:composite(filtered(jar(J:/Projects/SpeedForce/build/moddev/artifacts/neoforge-21.11.42.jar))) > jar(J:/Projects/SpeedForce/build/moddev/artifacts/neoforge-21.11.42.jar > net.neoforged.neoforge-coremods-21.11.42.jar)]
[12июл.2026 03:41:27.845] [main/DEBUG] [mixin/]: Processing inject() for PlatformAgent[MixinPlatformAgentDefault:composite(filtered(jar(J:/Projects/SpeedForce/build/moddev/artifacts/neoforge-21.11.42.jar))) > jar(J:/Projects/SpeedForce/build/moddev/artifacts/neoforge-21.11.42.jar > mixinextras-neoforge-0.5.3.jar)]
[12июл.2026 03:41:27.846] [main/DEBUG] [mixin/]: Processing inject() for PlatformAgent[MixinPlatformAgentDefault:composite(filtered(jar(J:/Projects/SpeedForce/build/moddev/artifacts/neoforge-21.11.42.jar))) > jar(J:/Projects/SpeedForce/build/moddev/artifacts/neoforge-21.11.42.jar > mixinextras-neoforge-0.5.3.jar)]
[12июл.2026 03:41:27.854] [main/DEBUG] [mixin/]: Preparing mixins for MixinEnvironment[DEFAULT]
[12июл.2026 03:41:27.855] [main/DEBUG] [mixin/]: Selecting config speedforce.mixins.json
[12июл.2026 03:41:27.896] [main/DEBUG] [mixin/]: Selecting config neoforge.mixins.json
[12июл.2026 03:41:27.899] [main/DEBUG] [mixin/]: Selecting config mixinextras.init.mixins.json
[12июл.2026 03:41:28.002] [main/DEBUG] [MixinExtras|Service/]: com.llamalad7.mixinextras.service.MixinExtrasServiceImpl(version=0.5.3) is taking over from null
[12июл.2026 03:41:28.055] [main/DEBUG] [mixin/]: Registering new injector for @Inject with org.spongepowered.asm.mixin.injection.struct.CallbackInjectionInfo
[12июл.2026 03:41:28.059] [main/DEBUG] [mixin/]: Registering new injector for @ModifyArg with org.spongepowered.asm.mixin.injection.struct.ModifyArgInjectionInfo
[12июл.2026 03:41:28.061] [main/DEBUG] [mixin/]: Registering new injector for @ModifyArgs with org.spongepowered.asm.mixin.injection.struct.ModifyArgsInjectionInfo
[12июл.2026 03:41:28.063] [main/DEBUG] [mixin/]: Registering new injector for @Redirect with org.spongepowered.asm.mixin.injection.struct.RedirectInjectionInfo
[12июл.2026 03:41:28.065] [main/DEBUG] [mixin/]: Registering new injector for @ModifyVariable with org.spongepowered.asm.mixin.injection.struct.ModifyVariableInjectionInfo
[12июл.2026 03:41:28.067] [main/DEBUG] [mixin/]: Registering new injector for @ModifyConstant with org.spongepowered.asm.mixin.injection.struct.ModifyConstantInjectionInfo
[12июл.2026 03:41:28.088] [main/DEBUG] [mixin/]: Preparing speedforce.mixins.json (0)
[12июл.2026 03:41:28.088] [main/DEBUG] [mixin/]: Preparing neoforge.mixins.json (2)
[12июл.2026 03:41:28.225] [main/DEBUG] [mixin/]: Preparing mixinextras.init.mixins.json (0)
[12июл.2026 03:41:28.236] [main/DEBUG] [mixin/]: Prepared 2 mixins in 0,378 sec (189,0ms avg) (0ms load, 0ms transform, 0ms plugin)
[12июл.2026 03:41:28.650] [main/DEBUG] [io.netty.util.internal.logging.InternalLoggerFactory/]: Using SLF4J as the default logging framework
[12июл.2026 03:41:28.653] [main/DEBUG] [io.netty.util.ResourceLeakDetector/]: -Dio.netty.leakDetection.level: simple
[12июл.2026 03:41:28.654] [main/DEBUG] [io.netty.util.ResourceLeakDetector/]: -Dio.netty.leakDetection.targetRecords: 4
[12июл.2026 03:41:30.661] [Datafixer Bootstrap/INFO] [com.mojang.datafixers.DataFixerBuilder/]: 290 Datafixer optimizations took 868 milliseconds
[12июл.2026 03:41:30.719] [main/WARN] [oshi.driver.windows.perfmon.PerfmonDisabled/]: Invalid registry value type detected for PerfOS counters. Should be REG_DWORD. Ignoring: HKEY_LOCAL_MACHINE\SYSTEM\CurrentControlSet\Services\PerfOS\Performance\Disable Performance Counters.
[12июл.2026 03:41:30.735] [main/WARN] [oshi.util.platform.windows.PerfDataUtil/]: Failed to add PDH Counter: \Paging File(_Total)\% Usage, Error code: 0xC0000BB8
[12июл.2026 03:41:30.735] [main/WARN] [oshi.util.platform.windows.PerfCounterQueryHandler/]: Failed to add counter for PDH counter: \Paging File(_Total)\% Usage
[12июл.2026 03:41:30.735] [main/INFO] [oshi.util.platform.windows.PerfCounterQuery/]: Disabling further attempts to query Paging File.
[12июл.2026 03:41:31.834] [main/WARN] [oshi.util.platform.windows.WmiQueryHandler/]: COM exception: Invalid Query: SELECT PERCENTUSAGE FROM Win32_PerfRawData_PerfOS_PagingFile
[12июл.2026 03:41:31.877] [pool-8-thread-1/INFO] [MixinExtras|Service/]: Initializing MixinExtras via com.llamalad7.mixinextras.service.MixinExtrasServiceImpl(version=0.5.3).
[12июл.2026 03:41:31.878] [pool-8-thread-1/DEBUG] [mixin/]: Registering new injector for @SugarWrapper with com.llamalad7.mixinextras.sugar.impl.SugarWrapperInjectionInfo
[12июл.2026 03:41:31.879] [pool-8-thread-1/DEBUG] [mixin/]: Registering new injector for @FactoryRedirectWrapper with com.llamalad7.mixinextras.wrapper.factory.FactoryRedirectWrapperInjectionInfo
[12июл.2026 03:41:31.880] [pool-8-thread-1/DEBUG] [mixin/]: Registering new injector for @ExpressionInjectorWrapper with com.llamalad7.mixinextras.expression.impl.wrapper.ExpressionInjectorWrapperInjectionInfo
[12июл.2026 03:41:31.896] [pool-8-thread-1/DEBUG] [mixin/]: Mixing MappedRegistryAccessor from neoforge.mixins.json into net.minecraft.core.MappedRegistry
[12июл.2026 03:41:33.586] [pool-8-thread-1/DEBUG] [mixin/]: Mixing BlockEntityTypeAccessor from neoforge.mixins.json into net.minecraft.world.level.block.entity.BlockEntityType
[12июл.2026 03:41:41.332] [main/WARN] [net.minecraft.commands.Commands/]: Ambiguity between arguments [teleport, location] and [teleport, destination] with inputs: [0.1 -0.5 .9, 0 0 0]
[12июл.2026 03:41:41.334] [main/WARN] [net.minecraft.commands.Commands/]: Ambiguity between arguments [teleport, location] and [teleport, targets] with inputs: [0.1 -0.5 .9, 0 0 0]
[12июл.2026 03:41:41.338] [main/WARN] [net.minecraft.commands.Commands/]: Ambiguity between arguments [teleport, destination] and [teleport, targets] with inputs: [Player, 0123, @e, dd12be42-52a9-4a91-a8a1-11c01849e498]
[12июл.2026 03:41:41.340] [main/WARN] [net.minecraft.commands.Commands/]: Ambiguity between arguments [teleport, targets] and [teleport, destination] with inputs: [Player, 0123, dd12be42-52a9-4a91-a8a1-11c01849e498]
[12июл.2026 03:41:41.343] [main/WARN] [net.minecraft.commands.Commands/]: Ambiguity between arguments [teleport, targets, location] and [teleport, targets, destination] with inputs: [0.1 -0.5 .9, 0 0 0]
[12июл.2026 03:41:41.346] [main/WARN] [net.minecraft.commands.Commands/]: Ambiguity between arguments [waypoint, modify, waypoint, color, reset] and [waypoint, modify, waypoint, color, color] with inputs: [reset]
[12июл.2026 03:41:41.409] [main/DEBUG] [net.neoforged.fml.ModWorkManager/LOADING]: Using 6 threads for parallel mod-loading
[12июл.2026 03:41:41.468] [main/DEBUG] [net.neoforged.fml.javafmlmod.FMLModContainer/LOADING]: Creating FMLModContainer instance for speedforce with entrypoints [com.speedforce.SpeedForce]
[12июл.2026 03:41:41.474] [main/DEBUG] [net.neoforged.fml.javafmlmod.FMLModContainer/LOADING]: Creating FMLModContainer instance for neoforge with entrypoints [net.neoforged.neoforge.common.NeoForgeMod, net.neoforged.neoforge.common.OnlyInWarningsHandler, net.neoforged.neoforge.client.ClientNeoForgeMod]
[12июл.2026 03:41:41.513] [modloading-worker-0/INFO] [com.speedforce.SpeedForce/]: SILA SKOROSTI AKTIVIROVANA
[12июл.2026 03:41:41.514] [modloading-worker-0/INFO] [com.speedforce.SpeedForce/]: BARRY ALLEN CONNECTED
[12июл.2026 03:41:41.514] [modloading-worker-0/INFO] [com.speedforce.SpeedForce/]: MULTIVERSE READY
[12июл.2026 03:41:41.515] [modloading-worker-0/DEBUG] [net.neoforged.fml.javafmlmod.AutomaticEventSubscriber/LOADING]: Attempting to inject @EventBusSubscriber classes into the eventbus for speedforce
[12июл.2026 03:41:41.516] [modloading-worker-0/DEBUG] [net.neoforged.fml.javafmlmod.AutomaticEventSubscriber/LOADING]: Scanning class com.speedforce.client.KeyHandler for @SubscribeEvent-annotated methods
[12июл.2026 03:41:41.521] [modloading-worker-0/DEBUG] [net.neoforged.fml.javafmlmod.AutomaticEventSubscriber/LOADING]: Subscribing method public static void com.speedforce.client.KeyHandler.onClientTick(net.neoforged.neoforge.client.event.ClientTickEvent$Post) to the game event bus
[12июл.2026 03:41:41.527] [modloading-worker-0/DEBUG] [net.neoforged.fml.javafmlmod.AutomaticEventSubscriber/LOADING]: Scanning class com.speedforce.client.KeyHandlerMenu for @SubscribeEvent-annotated methods
[12июл.2026 03:41:41.534] [modloading-worker-0/DEBUG] [net.neoforged.fml.javafmlmod.AutomaticEventSubscriber/LOADING]: Subscribing method public static void com.speedforce.client.KeyHandlerMenu.tick(net.neoforged.neoforge.client.event.ClientTickEvent$Post) to the game event bus
[12июл.2026 03:41:41.537] [modloading-worker-0/DEBUG] [net.neoforged.fml.javafmlmod.AutomaticEventSubscriber/LOADING]: Scanning class com.speedforce.player.FlashMovement for @SubscribeEvent-annotated methods
[12июл.2026 03:41:41.539] [modloading-worker-0/DEBUG] [net.neoforged.fml.javafmlmod.AutomaticEventSubscriber/LOADING]: Subscribing method public static void com.speedforce.player.FlashMovement.onPlayerTick(net.neoforged.neoforge.event.tick.PlayerTickEvent$Post) to the game event bus
[12июл.2026 03:41:41.551] [modloading-worker-0/INFO] [net.neoforged.neoforge.common.NeoForgeMod/NEOFORGE-MOD]: NeoForge mod loading, version 21.11.42, for MC 1.21.11
[12июл.2026 03:41:41.617] [modloading-worker-0/DEBUG] [net.neoforged.fml.config.ConfigTracker/CONFIG]: Config file neoforge-server.toml for neoforge tracking
[12июл.2026 03:41:41.623] [modloading-worker-0/DEBUG] [net.neoforged.fml.config.ConfigTracker/CONFIG]: Config file neoforge-common.toml for neoforge tracking
[12июл.2026 03:41:41.781] [modloading-worker-0/DEBUG] [net.neoforged.fml.config.ConfigTracker/CONFIG]: Config file neoforge-client.toml for neoforge tracking
[12июл.2026 03:41:41.806] [modloading-worker-0/DEBUG] [net.neoforged.fml.javafmlmod.AutomaticEventSubscriber/LOADING]: Attempting to inject @EventBusSubscriber classes into the eventbus for neoforge
[12июл.2026 03:41:41.807] [modloading-worker-0/DEBUG] [net.neoforged.fml.javafmlmod.AutomaticEventSubscriber/LOADING]: Scanning class net.neoforged.neoforge.attachment.AttachmentInternals for @SubscribeEvent-annotated methods
[12июл.2026 03:41:41.809] [modloading-worker-0/DEBUG] [net.neoforged.fml.javafmlmod.AutomaticEventSubscriber/LOADING]: Subscribing method public static void net.neoforged.neoforge.attachment.AttachmentInternals.onLivingConvert(net.neoforged.neoforge.event.entity.living.LivingConversionEvent$Post) to the game event bus
[12июл.2026 03:41:41.810] [modloading-worker-0/DEBUG] [net.neoforged.fml.javafmlmod.AutomaticEventSubscriber/LOADING]: Subscribing method public static void net.neoforged.neoforge.attachment.AttachmentInternals.onPlayerClone(net.neoforged.neoforge.event.entity.player.PlayerEvent$Clone) to the game event bus
[12июл.2026 03:41:41.810] [modloading-worker-0/DEBUG] [net.neoforged.fml.javafmlmod.AutomaticEventSubscriber/LOADING]: Scanning class net.neoforged.neoforge.attachment.AttachmentSync for @SubscribeEvent-annotated methods
[12июл.2026 03:41:41.814] [modloading-worker-0/DEBUG] [net.neoforged.fml.javafmlmod.AutomaticEventSubscriber/LOADING]: Subscribing method public static void net.neoforged.neoforge.attachment.AttachmentSync.onChunkSent(net.neoforged.neoforge.event.level.ChunkWatchEvent$Sent) to the game event bus
[12июл.2026 03:41:41.815] [modloading-worker-0/DEBUG] [net.neoforged.fml.javafmlmod.AutomaticEventSubscriber/LOADING]: Scanning class net.neoforged.neoforge.client.BlockEntityRenderBoundsDebugRenderer for @SubscribeEvent-annotated methods
[12июл.2026 03:41:41.819] [modloading-worker-0/DEBUG] [net.neoforged.fml.javafmlmod.AutomaticEventSubscriber/LOADING]: Subscribing method public static void net.neoforged.neoforge.client.BlockEntityRenderBoundsDebugRenderer.onRegisterClientCommands(net.neoforged.neoforge.client.event.RegisterClientCommandsEvent) to the game event bus
[12июл.2026 03:41:41.820] [modloading-worker-0/DEBUG] [net.neoforged.fml.javafmlmod.AutomaticEventSubscriber/LOADING]: Subscribing method public static void net.neoforged.neoforge.client.BlockEntityRenderBoundsDebugRenderer.onExtractLevelRenderState(net.neoforged.neoforge.client.event.ExtractLevelRenderStateEvent) to the game event bus
[12июл.2026 03:41:41.820] [modloading-worker-0/DEBUG] [net.neoforged.fml.javafmlmod.AutomaticEventSubscriber/LOADING]: Subscribing method public static void net.neoforged.neoforge.client.BlockEntityRenderBoundsDebugRenderer.onRenderLevelStage(net.neoforged.neoforge.client.event.RenderLevelStageEvent$AfterEntities) to the game event bus
[12июл.2026 03:41:41.821] [modloading-worker-0/DEBUG] [net.neoforged.fml.javafmlmod.AutomaticEventSubscriber/LOADING]: Scanning class net.neoforged.neoforge.client.NeoForgeRenderPipelines for @SubscribeEvent-annotated methods
[12июл.2026 03:41:41.845] [modloading-worker-0/DEBUG] [net.neoforged.fml.javafmlmod.AutomaticEventSubscriber/LOADING]: Subscribing method static void net.neoforged.neoforge.client.NeoForgeRenderPipelines.registerPipelines(net.neoforged.neoforge.client.event.RegisterRenderPipelinesEvent) to the event bus of mod neoforge
[12июл.2026 03:41:41.846] [modloading-worker-0/DEBUG] [net.neoforged.fml.javafmlmod.AutomaticEventSubscriber/LOADING]: Scanning class net.neoforged.neoforge.client.network.ClientPayloadHandler for @SubscribeEvent-annotated methods
[12июл.2026 03:41:41.861] [modloading-worker-0/DEBUG] [net.neoforged.fml.javafmlmod.AutomaticEventSubscriber/LOADING]: Subscribing method private static void net.neoforged.neoforge.client.network.ClientPayloadHandler.register(net.neoforged.neoforge.client.network.event.RegisterClientPayloadHandlersEvent) to the event bus of mod neoforge
[12июл.2026 03:41:41.862] [modloading-worker-0/DEBUG] [net.neoforged.fml.javafmlmod.AutomaticEventSubscriber/LOADING]: Scanning class net.neoforged.neoforge.common.MonsterRoomHooks for @SubscribeEvent-annotated methods
[12июл.2026 03:41:41.863] [modloading-worker-0/DEBUG] [net.neoforged.fml.javafmlmod.AutomaticEventSubscriber/LOADING]: Subscribing method public static void net.neoforged.neoforge.common.MonsterRoomHooks.onDataMapsUpdated(net.neoforged.neoforge.registries.datamaps.DataMapsUpdatedEvent) to the game event bus
[12июл.2026 03:41:41.864] [modloading-worker-0/DEBUG] [net.neoforged.fml.javafmlmod.AutomaticEventSubscriber/LOADING]: Scanning class net.neoforged.neoforge.model.data.ModelDataManager for @SubscribeEvent-annotated methods
[12июл.2026 03:41:41.866] [modloading-worker-0/DEBUG] [net.neoforged.fml.javafmlmod.AutomaticEventSubscriber/LOADING]: Subscribing method public static void net.neoforged.neoforge.model.data.ModelDataManager.onChunkUnload(net.neoforged.neoforge.event.level.ChunkEvent$Unload) to the game event bus
[12июл.2026 03:41:41.867] [modloading-worker-0/DEBUG] [net.neoforged.fml.javafmlmod.AutomaticEventSubscriber/LOADING]: Scanning class net.neoforged.neoforge.network.ConfigurationInitialization for @SubscribeEvent-annotated methods
[12июл.2026 03:41:41.874] [modloading-worker-0/DEBUG] [net.neoforged.fml.javafmlmod.AutomaticEventSubscriber/LOADING]: Subscribing method private static void net.neoforged.neoforge.network.ConfigurationInitialization.configureModdedClient(net.neoforged.neoforge.network.event.RegisterConfigurationTasksEvent) to the event bus of mod neoforge
[12июл.2026 03:41:41.875] [modloading-worker-0/DEBUG] [net.neoforged.fml.javafmlmod.AutomaticEventSubscriber/LOADING]: Scanning class net.neoforged.neoforge.network.NetworkInitialization for @SubscribeEvent-annotated methods
[12июл.2026 03:41:41.876] [modloading-worker-0/DEBUG] [net.neoforged.fml.javafmlmod.AutomaticEventSubscriber/LOADING]: Subscribing method private static void net.neoforged.neoforge.network.NetworkInitialization.register(net.neoforged.neoforge.network.event.RegisterPayloadHandlersEvent) to the event bus of mod neoforge
[12июл.2026 03:41:41.876] [modloading-worker-0/DEBUG] [net.neoforged.fml.javafmlmod.AutomaticEventSubscriber/LOADING]: Scanning class net.neoforged.neoforge.network.filters.GenericPacketSplitter for @SubscribeEvent-annotated methods
[12июл.2026 03:41:41.911] [modloading-worker-0/DEBUG] [io.netty.util.internal.PlatformDependent0/]: Java version: 21
[12июл.2026 03:41:41.911] [modloading-worker-0/DEBUG] [io.netty.util.internal.PlatformDependent0/]: -Dio.netty.noUnsafe: false
[12июл.2026 03:41:41.914] [modloading-worker-0/DEBUG] [io.netty.util.internal.PlatformDependent0/]: sun.misc.Unsafe.theUnsafe: available
[12июл.2026 03:41:41.916] [modloading-worker-0/DEBUG] [io.netty.util.internal.PlatformDependent0/]: sun.misc.Unsafe base methods: all available
[12июл.2026 03:41:41.917] [modloading-worker-0/DEBUG] [io.netty.util.internal.PlatformDependent0/]: java.nio.Buffer.address: available
[12июл.2026 03:41:41.917] [modloading-worker-0/DEBUG] [io.netty.util.internal.PlatformDependent0/]: direct buffer constructor: unavailable: Reflective setAccessible(true) disabled
[12июл.2026 03:41:41.918] [modloading-worker-0/DEBUG] [io.netty.util.internal.PlatformDependent0/]: java.nio.Bits.unaligned: available, true
[12июл.2026 03:41:41.919] [modloading-worker-0/DEBUG] [io.netty.util.internal.PlatformDependent0/]: jdk.internal.misc.Unsafe.allocateUninitializedArray(int): unavailable: symbolic reference class is not accessible: class jdk.internal.misc.Unsafe, from class io.netty.util.internal.PlatformDependent0 (unnamed module @fdefd3f)
[12июл.2026 03:41:41.920] [modloading-worker-0/DEBUG] [io.netty.util.internal.PlatformDependent0/]: java.nio.DirectByteBuffer.<init>(long, {int,long}): unavailable
[12июл.2026 03:41:41.920] [modloading-worker-0/DEBUG] [io.netty.util.internal.PlatformDependent/]: sun.misc.Unsafe: available
[12июл.2026 03:41:41.920] [modloading-worker-0/DEBUG] [io.netty.util.internal.PlatformDependent/]: -Dio.netty.tmpdir: C:\Users\BFE1~1\AppData\Local\Temp (java.io.tmpdir)
[12июл.2026 03:41:41.921] [modloading-worker-0/DEBUG] [io.netty.util.internal.PlatformDependent/]: -Dio.netty.bitMode: 64 (sun.arch.data.model)
[12июл.2026 03:41:41.921] [modloading-worker-0/DEBUG] [io.netty.util.internal.PlatformDependent/]: Platform: Windows
[12июл.2026 03:41:41.921] [modloading-worker-0/DEBUG] [io.netty.util.internal.PlatformDependent/]: -Dio.netty.maxDirectMemory: -1 bytes
[12июл.2026 03:41:41.923] [modloading-worker-0/DEBUG] [io.netty.util.internal.CleanerJava9/]: java.nio.ByteBuffer.cleaner(): available
[12июл.2026 03:41:41.923] [modloading-worker-0/DEBUG] [io.netty.util.internal.PlatformDependent/]: -Dio.netty.noPreferDirect: false
[12июл.2026 03:41:41.924] [modloading-worker-0/DEBUG] [io.netty.util.internal.PlatformDependent/]: -Dio.netty.jfr.enabled: true
[12июл.2026 03:41:41.937] [modloading-worker-0/DEBUG] [io.netty.buffer.AbstractByteBuf/]: -Dio.netty.buffer.checkAccessible: true
[12июл.2026 03:41:41.937] [modloading-worker-0/DEBUG] [io.netty.buffer.AbstractByteBuf/]: -Dio.netty.buffer.checkBounds: true
[12июл.2026 03:41:41.938] [modloading-worker-0/DEBUG] [io.netty.util.ResourceLeakDetectorFactory/]: Loaded default ResourceLeakDetector: io.netty.util.ResourceLeakDetector@f2985c8
[12июл.2026 03:41:41.951] [modloading-worker-0/DEBUG] [io.netty.util.internal.InternalThreadLocalMap/]: -Dio.netty.threadLocalMap.stringBuilder.initialSize: 1024
[12июл.2026 03:41:41.951] [modloading-worker-0/DEBUG] [io.netty.util.internal.InternalThreadLocalMap/]: -Dio.netty.threadLocalMap.stringBuilder.maxSize: 4096
[12июл.2026 03:41:41.953] [modloading-worker-0/DEBUG] [io.netty.buffer.AdaptiveByteBufAllocator/]: -Dio.netty.allocator.useCachedMagazinesForNonEventLoopThreads: false
[12июл.2026 03:41:41.971] [modloading-worker-0/DEBUG] [io.netty.util.Recycler/]: -Dio.netty.recycler.maxCapacityPerThread: 4096
[12июл.2026 03:41:41.971] [modloading-worker-0/DEBUG] [io.netty.util.Recycler/]: -Dio.netty.recycler.ratio: 8
[12июл.2026 03:41:41.972] [modloading-worker-0/DEBUG] [io.netty.util.Recycler/]: -Dio.netty.recycler.chunkSize: 32
[12июл.2026 03:41:41.972] [modloading-worker-0/DEBUG] [io.netty.util.Recycler/]: -Dio.netty.recycler.blocking: false
[12июл.2026 03:41:41.972] [modloading-worker-0/DEBUG] [io.netty.util.Recycler/]: -Dio.netty.recycler.batchFastThreadLocalOnly: true
[12июл.2026 03:41:41.981] [modloading-worker-0/DEBUG] [io.netty.buffer.ByteBufUtil/]: -Dio.netty.allocator.type: adaptive
[12июл.2026 03:41:41.981] [modloading-worker-0/DEBUG] [io.netty.buffer.ByteBufUtil/]: -Dio.netty.threadLocalDirectBufferSize: 0
[12июл.2026 03:41:41.981] [modloading-worker-0/DEBUG] [io.netty.buffer.ByteBufUtil/]: -Dio.netty.maxThreadLocalCharBufferSize: 16384
[12июл.2026 03:41:41.990] [modloading-worker-0/DEBUG] [net.neoforged.fml.javafmlmod.AutomaticEventSubscriber/LOADING]: Subscribing method private static void net.neoforged.neoforge.network.filters.GenericPacketSplitter.register(net.neoforged.neoforge.network.event.RegisterPayloadHandlersEvent) to the event bus of mod neoforge
[12июл.2026 03:41:42.229] [modloading-sync-worker/DEBUG] [net.neoforged.fml.config.ConfigTracker/CONFIG]: Loading configs type CLIENT
[12июл.2026 03:41:42.242] [modloading-sync-worker/DEBUG] [net.neoforged.neoforge.common.NeoForgeMod/FORGEMOD]: Loaded NeoForge config file neoforge-client.toml
[12июл.2026 03:41:42.243] [modloading-sync-worker/DEBUG] [net.neoforged.fml.config.ConfigTracker/CONFIG]: Loaded TOML config file J:\Projects\SpeedForce\run\config\neoforge-client.toml
[12июл.2026 03:41:42.250] [modloading-sync-worker/DEBUG] [net.neoforged.fml.config.ConfigTracker/CONFIG]: Watching TOML config file J:\Projects\SpeedForce\run\config\neoforge-client.toml for changes
[12июл.2026 03:41:42.251] [modloading-sync-worker/DEBUG] [net.neoforged.fml.config.ConfigTracker/CONFIG]: Loading configs type COMMON
[12июл.2026 03:41:42.252] [modloading-sync-worker/DEBUG] [net.neoforged.neoforge.common.NeoForgeMod/FORGEMOD]: Loaded NeoForge config file neoforge-common.toml
[12июл.2026 03:41:42.252] [modloading-sync-worker/DEBUG] [net.neoforged.fml.config.ConfigTracker/CONFIG]: Loaded TOML config file J:\Projects\SpeedForce\run\config\neoforge-common.toml
[12июл.2026 03:41:42.253] [modloading-sync-worker/DEBUG] [net.neoforged.fml.config.ConfigTracker/CONFIG]: Watching TOML config file J:\Projects\SpeedForce\run\config\neoforge-common.toml for changes
[12июл.2026 03:41:42.567] [Render thread/INFO] [com.mojang.authlib.yggdrasil.YggdrasilAuthenticationService/]: Environment: Environment[sessionHost=https://sessionserver.mojang.com, servicesHost=https://api.minecraftservices.com, profilesHost=https://api.mojang.com, name=PROD]
[12июл.2026 03:41:42.597] [Render thread/INFO] [net.minecraft.client.Minecraft/]: Setting user: Dev
[12июл.2026 03:41:42.757] [Render thread/INFO] [net.minecraft.client.Minecraft/]: Backend library: LWJGL version 3.3.3+5
[12июл.2026 03:41:42.972] [Render thread/INFO] [net.minecraft.client.Minecraft/]: Using optional rendering extensions: GL_ARB_buffer_storage, GL_KHR_debug, GL_ARB_vertex_attrib_binding, GL_ARB_direct_state_access, GL_EXT_texture_filter_anisotropic
[12июл.2026 03:41:43.945] [Render thread/INFO] [net.minecraft.server.packs.resources.ReloadableResourceManager/]: Reloading ResourceManager: vanilla, mod_resources, mod/speedforce, mod/neoforge
[12июл.2026 03:41:44.232] [Render thread/DEBUG] [net.neoforged.fml.DeferredWorkQueue/LOADING]: Dispatching synchronous work for work queue Common setup: 1 jobs
[12июл.2026 03:41:44.235] [Render thread/DEBUG] [net.neoforged.fml.DeferredWorkQueue/LOADING]: Synchronous work queue completed in 1.432 ms
[12июл.2026 03:41:45.314] [resourceLoad/INFO] [net.minecraft.client.gui.font.providers.UnihexProvider/]: Found unifont_pua-17.0.01.hex, loading
[12июл.2026 03:41:45.316] [resourceLoad/INFO] [net.minecraft.client.gui.font.providers.UnihexProvider/]: Found unifont_all_no_pua-17.0.01.hex, loading
[12июл.2026 03:41:46.347] [resourceLoad/INFO] [net.minecraft.client.gui.font.providers.UnihexProvider/]: Found unifont_jp_patch-17.0.01.hex, loading
[12июл.2026 03:41:48.461] [Render thread/INFO] [com.mojang.blaze3d.audio.Library/]: OpenAL initialized on device OpenAL Soft on Динамики (Realtek High Definition Audio)
[12июл.2026 03:41:48.461] [Render thread/INFO] [net.minecraft.client.sounds.SoundEngine/SOUNDS]: Sound engine started
[12июл.2026 03:41:48.462] [Render thread/INFO] [net.minecraft.client.renderer.texture.TextureAtlas/]: Created: 512x256x0 minecraft:textures/atlas/particles.png-atlas
[12июл.2026 03:41:48.482] [Render thread/INFO] [net.minecraft.client.renderer.texture.TextureAtlas/]: Created: 128x128x0 minecraft:textures/atlas/decorated_pot.png-atlas
[12июл.2026 03:41:48.485] [Render thread/INFO] [net.minecraft.client.renderer.texture.TextureAtlas/]: Created: 2048x1024x0 minecraft:textures/atlas/armor_trims.png-atlas
[12июл.2026 03:41:48.520] [Render thread/INFO] [net.minecraft.client.renderer.texture.TextureAtlas/]: Created: 512x256x0 minecraft:textures/atlas/paintings.png-atlas
[12июл.2026 03:41:48.524] [Render thread/INFO] [net.minecraft.client.renderer.texture.TextureAtlas/]: Created: 1024x512x0 minecraft:textures/atlas/shield_patterns.png-atlas
[12июл.2026 03:41:48.527] [Render thread/INFO] [net.minecraft.client.renderer.texture.TextureAtlas/]: Created: 1024x512x0 minecraft:textures/atlas/blocks.png-atlas
[12июл.2026 03:41:48.579] [Render thread/INFO] [net.minecraft.client.renderer.texture.TextureAtlas/]: Created: 512x512x0 minecraft:textures/atlas/chest.png-atlas
[12июл.2026 03:41:48.580] [Render thread/INFO] [net.minecraft.client.renderer.texture.TextureAtlas/]: Created: 256x128x0 minecraft:textures/atlas/celestials.png-atlas
[12июл.2026 03:41:48.581] [Render thread/INFO] [net.minecraft.client.renderer.texture.TextureAtlas/]: Created: 1024x512x0 minecraft:textures/atlas/banner_patterns.png-atlas
[12июл.2026 03:41:48.583] [Render thread/INFO] [net.minecraft.client.renderer.texture.TextureAtlas/]: Created: 512x512x0 minecraft:textures/atlas/beds.png-atlas
[12июл.2026 03:41:48.584] [Render thread/INFO] [net.minecraft.client.renderer.texture.TextureAtlas/]: Created: 1024x512x0 minecraft:textures/atlas/items.png-atlas
[12июл.2026 03:41:48.605] [Render thread/INFO] [net.minecraft.client.renderer.texture.TextureAtlas/]: Created: 1024x1024x0 minecraft:textures/atlas/gui.png-atlas
[12июл.2026 03:41:48.619] [Render thread/INFO] [net.minecraft.client.renderer.texture.TextureAtlas/]: Created: 128x64x0 minecraft:textures/atlas/map_decorations.png-atlas
[12июл.2026 03:41:48.621] [Render thread/INFO] [net.minecraft.client.renderer.texture.TextureAtlas/]: Created: 512x256x0 minecraft:textures/atlas/signs.png-atlas
[12июл.2026 03:41:48.622] [Render thread/INFO] [net.minecraft.client.renderer.texture.TextureAtlas/]: Created: 512x512x0 minecraft:textures/atlas/shulker_boxes.png-atlas
[12июл.2026 03:41:48.830] [Render thread/INFO] [net.neoforged.neoforge.client.entity.animation.json.AnimationLoader/]: Loaded 0 entity animations
[12июл.2026 03:41:49.076] [Render thread/DEBUG] [net.neoforged.fml.classloading.transformation.ClassTransformStatistics/]: Transformed/total loaded classes: 382/7139 (5,35%) and 5 parsed for mixin
[12июл.2026 03:41:52.439] [Render thread/INFO] [net.minecraft.client.renderer.DynamicUniformStorage/]: Resizing Dynamic Transforms UBO, capacity limit of 2 reached during a single frame. New capacity will be 4.
[12июл.2026 03:41:58.607] [Render thread/INFO] [net.minecraft.world.item.crafting.RecipeManager/]: Loaded 1470 recipes
[12июл.2026 03:41:58.630] [Render thread/INFO] [net.minecraft.advancements.AdvancementTree/]: Loaded 1584 advancements
[12июл.2026 03:41:58.634] [Render thread/INFO] [net.neoforged.neoforge.common.crafting.RecipePriorityManager/]: Loaded 0 recipe priority overrides
[12июл.2026 03:41:58.818] [Render thread/DEBUG] [net.neoforged.neoforge.common.CommonHooks/WP]: Gathered mod list to write to world save New World
[12июл.2026 03:41:58.976] [Server thread/INFO] [net.minecraft.client.server.IntegratedServer/]: Starting integrated minecraft server version 1.21.11
[12июл.2026 03:41:58.976] [Server thread/INFO] [net.minecraft.server.MinecraftServer/]: Generating keypair
[12июл.2026 03:41:59.251] [Server thread/DEBUG] [net.neoforged.fml.config.ConfigTracker/CONFIG]: Loading configs type SERVER
[12июл.2026 03:41:59.253] [Server thread/DEBUG] [net.neoforged.neoforge.common.NeoForgeMod/FORGEMOD]: Loaded NeoForge config file neoforge-server.toml
[12июл.2026 03:41:59.253] [Server thread/DEBUG] [net.neoforged.fml.config.ConfigTracker/CONFIG]: Loaded TOML config file J:\Projects\SpeedForce\run\config\neoforge-server.toml
[12июл.2026 03:41:59.254] [Server thread/DEBUG] [net.neoforged.fml.config.ConfigTracker/CONFIG]: Watching TOML config file J:\Projects\SpeedForce\run\config\neoforge-server.toml for changes
[12июл.2026 03:41:59.935] [Server thread/INFO] [net.minecraft.server.level.progress.LoggingLevelLoadListener/]: Loading 0 persistent chunks...
[12июл.2026 03:41:59.951] [Server thread/INFO] [net.neoforged.neoforge.server.permission.PermissionAPI/]: Successfully initialized permission handler neoforge:default_handler
[12июл.2026 03:42:00.087] [Render thread/DEBUG] [io.netty.channel.MultithreadEventLoopGroup/]: -Dio.netty.eventLoopThreads: 12
[12июл.2026 03:42:00.115] [Render thread/DEBUG] [io.netty.util.concurrent.GlobalEventExecutor/]: -Dio.netty.globalEventExecutor.quietPeriodSeconds: 1
[12июл.2026 03:42:00.140] [Render thread/DEBUG] [io.netty.util.internal.PlatformDependent/]: org.jctools-core.MpscChunkedArrayQueue: available
[12июл.2026 03:42:00.233] [Render thread/DEBUG] [io.netty.channel.DefaultChannelId/]: -Dio.netty.processId: 9644 (auto-detected)
[12июл.2026 03:42:00.235] [Render thread/DEBUG] [io.netty.util.NetUtil/]: -Djava.net.preferIPv4Stack: false
[12июл.2026 03:42:00.235] [Render thread/DEBUG] [io.netty.util.NetUtil/]: -Djava.net.preferIPv6Addresses: system
[12июл.2026 03:42:00.241] [Render thread/DEBUG] [io.netty.util.NetUtilInitializations/]: Loopback interface: loopback_0 (Software Loopback Interface 1, 0:0:0:0:0:0:0:1)
[12июл.2026 03:42:00.243] [Render thread/DEBUG] [io.netty.util.NetUtil/]: Failed to get SOMAXCONN from sysctl and file \proc\sys\net\core\somaxconn. Default: 200
[12июл.2026 03:42:00.245] [Render thread/DEBUG] [io.netty.channel.DefaultChannelId/]: -Dio.netty.machineId: 00:00:00:00:00:00:00:e0 (auto-detected)
[12июл.2026 03:42:00.266] [Render thread/DEBUG] [io.netty.bootstrap.ChannelInitializerExtensions/]: -Dio.netty.bootstrap.extensions: null
[12июл.2026 03:42:01.547] [Netty Local IO #1/DEBUG] [net.neoforged.neoforge.network.filters.NetworkFilters/]: Injected net.neoforged.neoforge.network.filters.GenericPacketSplitter@4342993d into net.minecraft.network.Connection@48aced7b
[12июл.2026 03:42:01.611] [Netty Local IO #0/DEBUG] [net.neoforged.neoforge.network.filters.NetworkFilters/]: Injected net.neoforged.neoforge.network.filters.GenericPacketSplitter@525135f9 into net.minecraft.network.Connection@3e180b99
[12июл.2026 03:42:01.878] [Server thread/INFO] [net.minecraft.server.level.progress.LoggingLevelLoadListener/]: Loading 49 chunks for player spawn...
[12июл.2026 03:42:01.880] [Server thread/INFO] [net.minecraft.server.level.progress.LoggingLevelLoadListener/]: Подготовка области возрождения: 16%
[12июл.2026 03:42:01.881] [Server thread/INFO] [net.minecraft.server.level.progress.LoggingLevelLoadListener/]: Подготовка области возрождения: 16%
[12июл.2026 03:42:01.905] [Server thread/INFO] [net.minecraft.server.level.progress.LoggingLevelLoadListener/]: Подготовка области возрождения: 16%
[12июл.2026 03:42:01.955] [Server thread/INFO] [net.minecraft.server.level.progress.LoggingLevelLoadListener/]: Подготовка области возрождения: 16%
[12июл.2026 03:42:02.005] [Server thread/INFO] [net.minecraft.server.level.progress.LoggingLevelLoadListener/]: Подготовка области возрождения: 16%
[12июл.2026 03:42:02.455] [Server thread/INFO] [net.minecraft.server.level.progress.LoggingLevelLoadListener/]: Подготовка области возрождения: 16%
[12июл.2026 03:42:02.955] [Server thread/INFO] [net.minecraft.server.level.progress.LoggingLevelLoadListener/]: Подготовка области возрождения: 16%
[12июл.2026 03:42:03.455] [Server thread/INFO] [net.minecraft.server.level.progress.LoggingLevelLoadListener/]: Подготовка области возрождения: 16%
[12июл.2026 03:42:03.956] [Server thread/INFO] [net.minecraft.server.level.progress.LoggingLevelLoadListener/]: Подготовка области возрождения: 16%
[12июл.2026 03:42:04.229] [Server thread/INFO] [net.minecraft.server.level.progress.LoggingLevelLoadListener/]: Time elapsed: 4294 ms
[12июл.2026 03:42:04.659] [Netty Local IO #1/DEBUG] [net.neoforged.neoforge.network.filters.NetworkFilters/]: Injected net.neoforged.neoforge.network.filters.GenericPacketSplitter@182144ec into net.minecraft.network.Connection@48aced7b
[12июл.2026 03:42:04.795] [Server thread/INFO] [net.minecraft.server.players.PlayerList/]: Dev[local:E:c8a0aa45] logged in with entity id 106 at (5.699999988079071, 87.0, -24.33351747550945)
[12июл.2026 03:42:04.827] [Server thread/DEBUG] [net.neoforged.neoforge.common.CommonHooks/]: Sending 0 recipes of the following types: []
[12июл.2026 03:42:04.930] [Server thread/INFO] [net.minecraft.server.MinecraftServer/]: Dev присоединился к игре
[12июл.2026 03:42:05.133] [Render thread/WARN] [net.minecraft.client.multiplayer.ClientPacketListener/]: Ignoring chat session from Dev due to missing Services public key
[12июл.2026 03:42:05.186] [Server thread/INFO] [net.minecraft.client.server.IntegratedServer/]: Changing view distance to 3, from 10
[12июл.2026 03:42:05.195] [Server thread/INFO] [net.minecraft.client.server.IntegratedServer/]: Changing simulation distance to 5, from 0
[12июл.2026 03:42:05.257] [Render thread/INFO] [net.minecraft.client.renderer.DynamicUniformStorage/]: Resizing Dynamic Transforms UBO, capacity limit of 4 reached during a single frame. New capacity will be 8.
[12июл.2026 03:42:05.279] [Render thread/INFO] [net.minecraft.advancements.AdvancementTree/]: Loaded 2 advancements
[12июл.2026 03:42:05.729] [Render thread/INFO] [net.minecraft.client.renderer.DynamicUniformStorage/]: Resizing Chunk Sections UBO, capacity limit of 2 reached during a single frame. New capacity will be 4.
[12июл.2026 03:42:05.934] [Render thread/INFO] [net.minecraft.client.renderer.DynamicUniformStorage/]: Resizing Chunk Sections UBO, capacity limit of 4 reached during a single frame. New capacity will be 8.
[12июл.2026 03:42:06.044] [Render thread/INFO] [net.minecraft.client.renderer.DynamicUniformStorage/]: Resizing Chunk Sections UBO, capacity limit of 8 reached during a single frame. New capacity will be 16.
[12июл.2026 03:42:06.156] [Render thread/INFO] [net.minecraft.client.renderer.DynamicUniformStorage/]: Resizing Chunk Sections UBO, capacity limit of 16 reached during a single frame. New capacity will be 32.
[12июл.2026 03:42:06.658] [Render thread/INFO] [net.minecraft.client.renderer.DynamicUniformStorage/]: Resizing Chunk Sections UBO, capacity limit of 32 reached during a single frame. New capacity will be 64.
[12июл.2026 03:42:06.926] [Server thread/INFO] [net.minecraft.client.server.IntegratedServer/]: Saving and pausing game...
[12июл.2026 03:42:06.952] [Server thread/INFO] [net.minecraft.server.MinecraftServer/]: Saving chunks for level 'ServerLevel[New World]'/minecraft:overworld
[12июл.2026 03:42:07.017] [Server thread/INFO] [net.minecraft.server.MinecraftServer/]: Saving chunks for level 'ServerLevel[New World]'/minecraft:the_nether
[12июл.2026 03:42:07.018] [Server thread/INFO] [net.minecraft.server.MinecraftServer/]: Saving chunks for level 'ServerLevel[New World]'/minecraft:the_end
[12июл.2026 03:42:07.021] [Server thread/DEBUG] [net.neoforged.neoforge.common.CommonHooks/WP]: Gathered mod list to write to world save New World
[12июл.2026 03:48:40.860] [Render thread/DEBUG] [net.neoforged.fml.classloading.transformation.ClassTransformStatistics/]: Transformed/total loaded classes: 417/8746 (4,77%) and 5 parsed for mixin
[12июл.2026 03:48:40.960] [Render thread/INFO] [net.minecraft.client.Minecraft/]: Stopping!
[12июл.2026 03:48:41.006] [Server thread/INFO] [net.minecraft.server.network.ServerGamePacketListenerImpl/]: Dev lost connection: Отключение
[12июл.2026 03:48:41.007] [Server thread/INFO] [net.minecraft.server.MinecraftServer/]: Dev покинул игру
[12июл.2026 03:48:41.043] [Server thread/INFO] [net.minecraft.server.network.ServerCommonPacketListenerImpl/]: Stopping singleplayer server as player logged out
[12июл.2026 03:48:41.091] [Server thread/INFO] [net.minecraft.server.MinecraftServer/]: Stopping server
[12июл.2026 03:48:41.092] [Server thread/INFO] [net.minecraft.server.MinecraftServer/]: Saving players
[12июл.2026 03:48:41.092] [Server thread/INFO] [net.minecraft.server.MinecraftServer/]: Saving worlds
[12июл.2026 03:48:41.299] [Server thread/INFO] [net.minecraft.server.MinecraftServer/]: Saving chunks for level 'ServerLevel[New World]'/minecraft:overworld
[12июл.2026 03:48:42.558] [Server thread/INFO] [net.minecraft.server.MinecraftServer/]: Saving chunks for level 'ServerLevel[New World]'/minecraft:the_nether
[12июл.2026 03:48:42.583] [Server thread/INFO] [net.minecraft.server.MinecraftServer/]: Saving chunks for level 'ServerLevel[New World]'/minecraft:the_end
[12июл.2026 03:48:42.639] [Server thread/DEBUG] [net.neoforged.neoforge.common.CommonHooks/WP]: Gathered mod list to write to world save New World
[12июл.2026 03:48:42.652] [Server thread/INFO] [net.minecraft.server.MinecraftServer/]: ThreadedAnvilChunkStorage (New World): All chunks are saved
[12июл.2026 03:48:42.652] [Server thread/INFO] [net.minecraft.server.MinecraftServer/]: ThreadedAnvilChunkStorage (DIM-1): All chunks are saved
[12июл.2026 03:48:42.652] [Server thread/INFO] [net.minecraft.server.MinecraftServer/]: ThreadedAnvilChunkStorage (DIM1): All chunks are saved
[12июл.2026 03:48:42.652] [Server thread/INFO] [net.minecraft.server.MinecraftServer/]: ThreadedAnvilChunkStorage: All dimensions are saved
[12июл.2026 03:48:42.880] [Server thread/DEBUG] [net.neoforged.fml.config.ConfigTracker/CONFIG]: Unloading configs type SERVER
